{
  "stats": {
    "suites": 1,
    "tests": 1,
    "passes": 1,
    "pending": 0,
    "failures": 0,
    "start": "2021-08-04T18:04:30.943Z",
    "end": "2021-08-04T18:04:52.760Z",
    "duration": 21817,
    "testsRegistered": 1,
    "passPercent": 100,
    "pendingPercent": 0,
    "other": 0,
    "hasOther": false,
    "skipped": 0,
    "hasSkipped": false
  },
  "results": [
    {
      "uuid": "14327fc0-4687-4860-a2b0-3b27839c8ee5",
      "title": "",
      "fullFile": "cypress/integration/com.techproed/day01_login_test.js",
      "file": "cypress/integration/com.techproed/day01_login_test.js",
      "beforeHooks": [],
      "afterHooks": [],
      "tests": [],
      "suites": [
        {
          "uuid": "8d3ff58c-4956-4b5c-8e8b-9cc67b451ac4",
          "title": "Koala Resort Hotels",
          "fullFile": "",
          "file": "",
          "beforeHooks": [],
          "afterHooks": [],
          "tests": [
            {
              "title": "Login Test",
              "fullTitle": "Koala Resort Hotels Login Test",
              "timedOut": null,
              "duration": 17912,
              "state": "passed",
              "speed": "slow",
              "pass": true,
              "fail": false,
              "pending": false,
              "context": null,
              "code": "cy.visit('https://qa-environment.koalaresorthotels.com/'); // login butonuna bas\n// 1. Yol\ncy.get('#navLogon > .nav-link').click(); // 2. Yol\n// cy.contains('Log in').click\n// Username kısmını doldur\ncy.get('#UserName').type('manager'); // Password kısmını doldur\ncy.get('#Password').type('Manager1!'); // Login tıkla\ncy.get('#btnSubmit').click();",
              "err": {},
              "uuid": "9831c297-0429-4a97-ac75-4505fd62e609",
              "parentUUID": "8d3ff58c-4956-4b5c-8e8b-9cc67b451ac4",
              "isHook": false,
              "skipped": false
            }
          ],
          "suites": [],
          "passes": [
            "9831c297-0429-4a97-ac75-4505fd62e609"
          ],
          "failures": [],
          "pending": [],
          "skipped": [],
          "duration": 17912,
          "root": false,
          "rootEmpty": false,
          "_timeout": 2000
        }
      ],
      "passes": [],
      "failures": [],
      "pending": [],
      "skipped": [],
      "duration": 0,
      "root": true,
      "rootEmpty": true,
      "_timeout": 2000
    }
  ],
  "meta": {
    "mocha": {
      "version": "7.0.1"
    },
    "mochawesome": {
      "options": {
        "quiet": false,
        "reportFilename": "report",
        "saveHtml": true,
        "saveJson": true,
        "consoleReporter": "spec",
        "useInlineDiffs": false,
        "code": true
      },
      "version": "6.2.2"
    },
    "marge": {
      "options": {
        "reportDir": "cypress/reports",
        "reportFilename": "report",
        "overwrite": false,
        "html": true,
        "json": true,
        "charts": true
      },
      "version": "5.2.0"
    }
  }
}